<?xml version="1.0" encoding="UTF-8"?>
<testng-results skipped="0" failed="1" ignored="9" total="10" passed="0">
  <reporter-output>
  </reporter-output>
  <suite name="Default suite" duration-ms="59537" started-at="2019-05-03T06:05:10Z" finished-at="2019-05-03T06:06:10Z">
    <groups>
      <group name="Bcom">
        <method signature="HotelBookingTest.BCOMbookingByAddingNewVISACard()[pri:2, instance:com.hotelhub.powermode.tests.HotelBookingTest@4bec1f0c]" name="BCOMbookingByAddingNewVISACard" class="com.hotelhub.powermode.tests.HotelBookingTest"/>
      </group> <!-- Bcom -->
      <group name="Jenkins">
        <method signature="HotelBookingTest.BCOMbookingByAddingNewVISACard()[pri:2, instance:com.hotelhub.powermode.tests.HotelBookingTest@4bec1f0c]" name="BCOMbookingByAddingNewVISACard" class="com.hotelhub.powermode.tests.HotelBookingTest"/>
      </group> <!-- Jenkins -->
      <group name="addnewcard">
        <method signature="HotelBookingTest.BCOMbookingByAddingNewVISACard()[pri:2, instance:com.hotelhub.powermode.tests.HotelBookingTest@4bec1f0c]" name="BCOMbookingByAddingNewVISACard" class="com.hotelhub.powermode.tests.HotelBookingTest"/>
      </group> <!-- addnewcard -->
      <group name="DailyBooking1">
        <method signature="HotelBookingTest.BCOMbookingByAddingNewVISACard()[pri:2, instance:com.hotelhub.powermode.tests.HotelBookingTest@4bec1f0c]" name="BCOMbookingByAddingNewVISACard" class="com.hotelhub.powermode.tests.HotelBookingTest"/>
      </group> <!-- DailyBooking1 -->
    </groups>
    <test name="Default test" duration-ms="59537" started-at="2019-05-03T06:05:10Z" finished-at="2019-05-03T06:06:10Z">
      <class name="com.hotelhub.powermode.tests.HotelBookingTest">
        <test-method status="PASS" signature="instantiateBrowser(org.testng.ITestResult)[pri:0, instance:com.hotelhub.powermode.tests.HotelBookingTest@4bec1f0c]" name="instantiateBrowser" is-config="true" duration-ms="4208" started-at="2019-05-03T06:05:10Z" finished-at="2019-05-03T06:05:14Z">
          <params>
            <param index="0">
              <value>
                <![CDATA[[TestResult name=BCOMbookingByAddingNewVISACard status=FAILURE method=HotelBookingTest.BCOMbookingByAddingNewVISACard()[pri:2, instance:com.hotelhub.powermode.tests.HotelBookingTest@4bec1f0c] output={null}]]]>
              </value>
            </param>
          </params>
          <reporter-output>
          </reporter-output>
        </test-method> <!-- instantiateBrowser -->
        <test-method status="PASS" signature="loginToTheApplication()[pri:0, instance:com.hotelhub.powermode.tests.HotelBookingTest@4bec1f0c]" name="loginToTheApplication" is-config="true" duration-ms="3302" started-at="2019-05-03T06:05:14Z" finished-at="2019-05-03T06:05:18Z">
          <reporter-output>
          </reporter-output>
        </test-method> <!-- loginToTheApplication -->
        <test-method status="FAIL" signature="BCOMbookingByAddingNewVISACard()[pri:2, instance:com.hotelhub.powermode.tests.HotelBookingTest@4bec1f0c]" name="BCOMbookingByAddingNewVISACard" duration-ms="45561" started-at="2019-05-03T06:05:18Z" finished-at="2019-05-03T06:06:03Z">
          <exception class="org.openqa.selenium.NoSuchElementException">
            <message>
              <![CDATA[no such element: Unable to locate element: {"method":"xpath","selector":"(//a[starts-with(@id,'viewdetails')])[1]"}
  (Session info: chrome=71.0.3578.98)
  (Driver info: chromedriver=2.46.628402 (536cd7adbad73a3783fdc2cab92ab2ba7ec361e1),platform=Windows NT 6.1.7601 SP1 x86_64) (WARNING: The server did not provide any stacktrace information)
Command duration or timeout: 0 milliseconds
For documentation on this error, please visit: http://seleniumhq.org/exceptions/no_such_element.html
Build info: version: '3.11.0', revision: 'e59cfb3', time: '2018-03-11T20:26:55.152Z'
System info: host: 'BLRDSPRASAD', ip: '10.201.70.132', os.name: 'Windows 7', os.arch: 'amd64', os.version: '6.1', java.version: '1.8.0_191'
Driver info: org.openqa.selenium.chrome.ChromeDriver
Capabilities {acceptInsecureCerts: false, acceptSslCerts: false, applicationCacheEnabled: false, browserConnectionEnabled: false, browserName: chrome, chrome: {chromedriverVersion: 2.46.628402 (536cd7adbad73a..., userDataDir: C:\Users\sprasad\AppData\Lo...}, cssSelectorsEnabled: true, databaseEnabled: false, goog:chromeOptions: {debuggerAddress: localhost:64529}, handlesAlerts: true, hasTouchScreen: false, javascriptEnabled: true, locationContextEnabled: true, mobileEmulationEnabled: false, nativeEvents: true, networkConnectionEnabled: false, pageLoadStrategy: normal, platform: XP, platformName: XP, proxy: Proxy(), rotatable: false, setWindowRect: true, strictFileInteractability: false, takesHeapSnapshot: true, takesScreenshot: true, timeouts: {implicit: 0, pageLoad: 300000, script: 30000}, unexpectedAlertBehaviour: ignore, unhandledPromptBehavior: ignore, version: 71.0.3578.98, webStorageEnabled: true}
Session ID: bb9025d26f83e2747320ddedccd5f514
*** Element info: {Using=xpath, value=(//a[starts-with(@id,'viewdetails')])[1]}]]>
            </message>
            <full-stacktrace>
              <![CDATA[org.openqa.selenium.NoSuchElementException: no such element: Unable to locate element: {"method":"xpath","selector":"(//a[starts-with(@id,'viewdetails')])[1]"}
  (Session info: chrome=71.0.3578.98)
  (Driver info: chromedriver=2.46.628402 (536cd7adbad73a3783fdc2cab92ab2ba7ec361e1),platform=Windows NT 6.1.7601 SP1 x86_64) (WARNING: The server did not provide any stacktrace information)
Command duration or timeout: 0 milliseconds
For documentation on this error, please visit: http://seleniumhq.org/exceptions/no_such_element.html
Build info: version: '3.11.0', revision: 'e59cfb3', time: '2018-03-11T20:26:55.152Z'
System info: host: 'BLRDSPRASAD', ip: '10.201.70.132', os.name: 'Windows 7', os.arch: 'amd64', os.version: '6.1', java.version: '1.8.0_191'
Driver info: org.openqa.selenium.chrome.ChromeDriver
Capabilities {acceptInsecureCerts: false, acceptSslCerts: false, applicationCacheEnabled: false, browserConnectionEnabled: false, browserName: chrome, chrome: {chromedriverVersion: 2.46.628402 (536cd7adbad73a..., userDataDir: C:\Users\sprasad\AppData\Lo...}, cssSelectorsEnabled: true, databaseEnabled: false, goog:chromeOptions: {debuggerAddress: localhost:64529}, handlesAlerts: true, hasTouchScreen: false, javascriptEnabled: true, locationContextEnabled: true, mobileEmulationEnabled: false, nativeEvents: true, networkConnectionEnabled: false, pageLoadStrategy: normal, platform: XP, platformName: XP, proxy: Proxy(), rotatable: false, setWindowRect: true, strictFileInteractability: false, takesHeapSnapshot: true, takesScreenshot: true, timeouts: {implicit: 0, pageLoad: 300000, script: 30000}, unexpectedAlertBehaviour: ignore, unhandledPromptBehavior: ignore, version: 71.0.3578.98, webStorageEnabled: true}
Session ID: bb9025d26f83e2747320ddedccd5f514
*** Element info: {Using=xpath, value=(//a[starts-with(@id,'viewdetails')])[1]}
at sun.reflect.NativeConstructorAccessorImpl.newInstance0(Native Method)
at sun.reflect.NativeConstructorAccessorImpl.newInstance(NativeConstructorAccessorImpl.java:62)
at sun.reflect.DelegatingConstructorAccessorImpl.newInstance(DelegatingConstructorAccessorImpl.java:45)
at java.lang.reflect.Constructor.newInstance(Constructor.java:423)
at org.openqa.selenium.remote.ErrorHandler.createThrowable(ErrorHandler.java:214)
at org.openqa.selenium.remote.ErrorHandler.throwIfResponseFailed(ErrorHandler.java:166)
at org.openqa.selenium.remote.http.JsonHttpResponseCodec.reconstructValue(JsonHttpResponseCodec.java:40)
at org.openqa.selenium.remote.http.AbstractHttpResponseCodec.decode(AbstractHttpResponseCodec.java:80)
at org.openqa.selenium.remote.http.AbstractHttpResponseCodec.decode(AbstractHttpResponseCodec.java:44)
at org.openqa.selenium.remote.HttpCommandExecutor.execute(HttpCommandExecutor.java:158)
at org.openqa.selenium.remote.service.DriverCommandExecutor.execute(DriverCommandExecutor.java:83)
at org.openqa.selenium.remote.RemoteWebDriver.execute(RemoteWebDriver.java:545)
at org.openqa.selenium.remote.RemoteWebDriver.findElement(RemoteWebDriver.java:319)
at org.openqa.selenium.remote.RemoteWebDriver.findElementByXPath(RemoteWebDriver.java:421)
at org.openqa.selenium.By$ByXPath.findElement(By.java:361)
at org.openqa.selenium.remote.RemoteWebDriver.findElement(RemoteWebDriver.java:311)
at org.openqa.selenium.support.pagefactory.DefaultElementLocator.findElement(DefaultElementLocator.java:69)
at org.openqa.selenium.support.pagefactory.internal.LocatingElementHandler.invoke(LocatingElementHandler.java:38)
at com.sun.proxy.$Proxy29.click(Unknown Source)
at com.hotelhub.powermode.helpers.HotelBookingHelper.chooseHotel(HotelBookingHelper.java:276)
at com.hotelhub.powermode.tests.HotelBookingTest.BCOMbookingByAddingNewVISACard(HotelBookingTest.java:95)
at sun.reflect.NativeMethodAccessorImpl.invoke0(Native Method)
at sun.reflect.NativeMethodAccessorImpl.invoke(NativeMethodAccessorImpl.java:62)
at sun.reflect.DelegatingMethodAccessorImpl.invoke(DelegatingMethodAccessorImpl.java:43)
at java.lang.reflect.Method.invoke(Method.java:498)
at org.testng.internal.MethodInvocationHelper.invokeMethod(MethodInvocationHelper.java:124)
at org.testng.internal.Invoker.invokeMethod(Invoker.java:583)
at org.testng.internal.Invoker.invokeTestMethod(Invoker.java:719)
at org.testng.internal.Invoker.invokeTestMethods(Invoker.java:989)
at org.testng.internal.TestMethodWorker.invokeTestMethods(TestMethodWorker.java:125)
at org.testng.internal.TestMethodWorker.run(TestMethodWorker.java:109)
at org.testng.TestRunner.privateRun(TestRunner.java:648)
at org.testng.TestRunner.run(TestRunner.java:505)
at org.testng.SuiteRunner.runTest(SuiteRunner.java:455)
at org.testng.SuiteRunner.runSequentially(SuiteRunner.java:450)
at org.testng.SuiteRunner.privateRun(SuiteRunner.java:415)
at org.testng.SuiteRunner.run(SuiteRunner.java:364)
at org.testng.SuiteRunnerWorker.runSuite(SuiteRunnerWorker.java:52)
at org.testng.SuiteRunnerWorker.run(SuiteRunnerWorker.java:84)
at org.testng.TestNG.runSuitesSequentially(TestNG.java:1208)
at org.testng.TestNG.runSuitesLocally(TestNG.java:1137)
at org.testng.TestNG.runSuites(TestNG.java:1049)
at org.testng.TestNG.run(TestNG.java:1017)
at org.testng.remote.AbstractRemoteTestNG.run(AbstractRemoteTestNG.java:114)
at org.testng.remote.RemoteTestNG.initAndRun(RemoteTestNG.java:251)
at org.testng.remote.RemoteTestNG.main(RemoteTestNG.java:77)
]]>
            </full-stacktrace>
          </exception> <!-- org.openqa.selenium.NoSuchElementException -->
          <reporter-output>
          </reporter-output>
        </test-method> <!-- BCOMbookingByAddingNewVISACard -->
        <test-method status="PASS" signature="cleanupBrowser()[pri:0, instance:com.hotelhub.powermode.tests.HotelBookingTest@4bec1f0c]" name="cleanupBrowser" is-config="true" duration-ms="896" started-at="2019-05-03T06:06:04Z" finished-at="2019-05-03T06:06:05Z">
          <reporter-output>
          </reporter-output>
        </test-method> <!-- cleanupBrowser -->
        <test-method status="PASS" signature="writeToExcel()[pri:0, instance:com.hotelhub.powermode.tests.HotelBookingTest@4bec1f0c]" name="writeToExcel" is-config="true" duration-ms="4909" started-at="2019-05-03T06:06:05Z" finished-at="2019-05-03T06:06:09Z">
          <reporter-output>
          </reporter-output>
        </test-method> <!-- writeToExcel -->
        <test-method status="PASS" signature="copyExtent()[pri:0, instance:com.hotelhub.powermode.tests.HotelBookingTest@4bec1f0c]" name="copyExtent" is-config="true" duration-ms="123" started-at="2019-05-03T06:06:09Z" finished-at="2019-05-03T06:06:10Z">
          <reporter-output>
          </reporter-output>
        </test-method> <!-- copyExtent -->
      </class> <!-- com.hotelhub.powermode.tests.HotelBookingTest -->
    </test> <!-- Default test -->
  </suite> <!-- Default suite -->
</testng-results>
